07-Jul-2019 16:18:55.243 INFO com.visa.tef.controller.TEFTransactionManager.getTEFAuthorization(TEFTransactionManager.java:172) REQUEST__dataf001: 01,0,0,0,KIOSKO_602,000A7UDV,446559,010811792,0,0,dataf001,10 
07-Jul-2019 16:19:55.335 ERROR com.visa.tef.controller.TEFTransactionManager.getTEFAuthorization(TEFTransactionManager.java:284) ERROR_dataf001 
com.visa.tef.exception.TefException: ERROR_TIME_OUT
	at com.visa.tef.controller.comm.TEFAuthorizationWorker.receiveRequest(TEFAuthorizationWorker.java:67)
	at com.visa.tef.controller.TEFTransactionManager.getTEFAuthorization(TEFTransactionManager.java:209)
	at com.visa.tef.controller.TEFWorker.processRequest(TEFWorker.java:73)
	at com.visa.tef.controller.TEFWorker.run(TEFWorker.java:49)
07-Jul-2019 16:19:55.361 DEBUG com.visa.tef.controller.comm.TEFAuthorizationWorker.trace(TEFAuthorizationWorker.java:282) [dataf001: SEND] 00 01 15  
07-Jul-2019 16:19:55.366 ERROR com.visa.tef.controller.comm.TEFAuthorizationWorker.sendData(TEFAuthorizationWorker.java:128) ERROR_dataf001 
java.io.IOException: Unavailable socket
	at com.visa.tef.controller.comm.TEFAuthorizationWorker.getBos(TEFAuthorizationWorker.java:258)
	at com.visa.tef.controller.comm.TEFAuthorizationWorker.sendData(TEFAuthorizationWorker.java:119)
	at com.visa.tef.controller.comm.TEFAuthorizationWorker.sendFormattedData(TEFAuthorizationWorker.java:136)
	at com.visa.tef.controller.comm.TEFAuthorizationWorker.refusesMessage(TEFAuthorizationWorker.java:172)
	at com.visa.tef.controller.TEFTransactionManager.getTEFAuthorization(TEFTransactionManager.java:291)
	at com.visa.tef.controller.TEFWorker.processRequest(TEFWorker.java:73)
	at com.visa.tef.controller.TEFWorker.run(TEFWorker.java:49)
07-Jul-2019 16:19:55.370 INFO com.visa.tef.controller.TEFTransactionManager.getTEFAuthorization(TEFTransactionManager.java:322) RESPONSE_dataf001: 05,,000000000000,000000000000,000000000000,KIOSKO_602,,,000A7UDV,,,,,,,446559    ,,,,010811792              ,,,, 
07-Jul-2019 17:33:53.862 INFO com.visa.tef.controller.TEFTransactionManager.getTEFAuthorization(TEFTransactionManager.java:172) REQUEST__dataf001: 01,66000,0,0,KIOSKO_602,000A7UDV,871901,010811792,0,0,dataf001,19 
07-Jul-2019 17:34:53.930 ERROR com.visa.tef.controller.TEFTransactionManager.getTEFAuthorization(TEFTransactionManager.java:284) ERROR_dataf001 
com.visa.tef.exception.TefException: ERROR_TIME_OUT
	at com.visa.tef.controller.comm.TEFAuthorizationWorker.receiveRequest(TEFAuthorizationWorker.java:67)
	at com.visa.tef.controller.TEFTransactionManager.getTEFAuthorization(TEFTransactionManager.java:209)
	at com.visa.tef.controller.TEFWorker.processRequest(TEFWorker.java:73)
	at com.visa.tef.controller.TEFWorker.run(TEFWorker.java:49)
07-Jul-2019 17:34:53.937 DEBUG com.visa.tef.controller.comm.TEFAuthorizationWorker.trace(TEFAuthorizationWorker.java:282) [dataf001: SEND] 00 01 15  
07-Jul-2019 17:34:53.940 ERROR com.visa.tef.controller.comm.TEFAuthorizationWorker.sendData(TEFAuthorizationWorker.java:128) ERROR_dataf001 
java.io.IOException: Unavailable socket
	at com.visa.tef.controller.comm.TEFAuthorizationWorker.getBos(TEFAuthorizationWorker.java:258)
	at com.visa.tef.controller.comm.TEFAuthorizationWorker.sendData(TEFAuthorizationWorker.java:119)
	at com.visa.tef.controller.comm.TEFAuthorizationWorker.sendFormattedData(TEFAuthorizationWorker.java:136)
	at com.visa.tef.controller.comm.TEFAuthorizationWorker.refusesMessage(TEFAuthorizationWorker.java:172)
	at com.visa.tef.controller.TEFTransactionManager.getTEFAuthorization(TEFTransactionManager.java:291)
	at com.visa.tef.controller.TEFWorker.processRequest(TEFWorker.java:73)
	at com.visa.tef.controller.TEFWorker.run(TEFWorker.java:49)
07-Jul-2019 17:34:53.943 INFO com.visa.tef.controller.TEFTransactionManager.getTEFAuthorization(TEFTransactionManager.java:322) RESPONSE_dataf001: 05,,000000066000,000000000000,000000000000,KIOSKO_602,,,000A7UDV,,,,,,,871901    ,,,,010811792              ,,,, 
07-Jul-2019 17:40:36.101 INFO com.visa.tef.controller.TEFTransactionManager.getTEFAuthorization(TEFTransactionManager.java:172) REQUEST__dataf001: 01,0,0,0,KIOSKO_602,000A7UDV,120376,010811792,0,0,dataf001,1e 
07-Jul-2019 17:41:36.122 ERROR com.visa.tef.controller.TEFTransactionManager.getTEFAuthorization(TEFTransactionManager.java:284) ERROR_dataf001 
com.visa.tef.exception.TefException: ERROR_TIME_OUT
	at com.visa.tef.controller.comm.TEFAuthorizationWorker.receiveRequest(TEFAuthorizationWorker.java:67)
	at com.visa.tef.controller.TEFTransactionManager.getTEFAuthorization(TEFTransactionManager.java:209)
	at com.visa.tef.controller.TEFWorker.processRequest(TEFWorker.java:73)
	at com.visa.tef.controller.TEFWorker.run(TEFWorker.java:49)
07-Jul-2019 17:41:36.126 DEBUG com.visa.tef.controller.comm.TEFAuthorizationWorker.trace(TEFAuthorizationWorker.java:282) [dataf001: SEND] 00 01 15  
07-Jul-2019 17:41:36.132 ERROR com.visa.tef.controller.comm.TEFAuthorizationWorker.sendData(TEFAuthorizationWorker.java:128) ERROR_dataf001 
java.io.IOException: Unavailable socket
	at com.visa.tef.controller.comm.TEFAuthorizationWorker.getBos(TEFAuthorizationWorker.java:258)
	at com.visa.tef.controller.comm.TEFAuthorizationWorker.sendData(TEFAuthorizationWorker.java:119)
	at com.visa.tef.controller.comm.TEFAuthorizationWorker.sendFormattedData(TEFAuthorizationWorker.java:136)
	at com.visa.tef.controller.comm.TEFAuthorizationWorker.refusesMessage(TEFAuthorizationWorker.java:172)
	at com.visa.tef.controller.TEFTransactionManager.getTEFAuthorization(TEFTransactionManager.java:291)
	at com.visa.tef.controller.TEFWorker.processRequest(TEFWorker.java:73)
	at com.visa.tef.controller.TEFWorker.run(TEFWorker.java:49)
07-Jul-2019 17:41:36.135 INFO com.visa.tef.controller.TEFTransactionManager.getTEFAuthorization(TEFTransactionManager.java:322) RESPONSE_dataf001: 05,,000000000000,000000000000,000000000000,KIOSKO_602,,,000A7UDV,,,,,,,120376    ,,,,010811792              ,,,, 
